======== uninstrumented =========

real	0m14.393s
user	0m14.373s
sys	0m0.001s
======== relocated + jump =========
parse time: 2770110.000000
DUMP INSN (10 bytes)- for foo called at 8048393 / ret  8048398{
    d300000( 5 bytes): call 8048374              | e8 6f 83 d4 fa 
    d300005( 5 bytes): jmp 8048398               | e9 8e 83 d4 fa 

DUMP INSN - }
DUMP INSN (10 bytes)- for foo called at 8048398 / ret  804839d{
    d32b000( 5 bytes): call 8048374              | e8 6f d3 d1 fa 
    d32b005( 5 bytes): jmp 804839d               | e9 93 d3 d1 fa 

DUMP INSN - }
DUMP INSN (10 bytes)- for foo called at 804839d / ret  80483a2{
    d32c000( 5 bytes): call 8048374              | e8 6f c3 d1 fa 
    d32c005( 5 bytes): jmp 80483a2               | e9 98 c3 d1 fa 

DUMP INSN - }
DUMP INSN (10 bytes)- for foo called at 80483a2 / ret  80483a7{
    d32e000( 5 bytes): call 8048374              | e8 6f a3 d1 fa 
    d32e005( 5 bytes): jmp 80483a7               | e9 9d a3 d1 fa 

DUMP INSN - }
DUMP INSN (10 bytes)- for foo called at 80483a7 / ret  80483ac{
    d32f000( 5 bytes): call 8048374              | e8 6f 93 d1 fa 
    d32f005( 5 bytes): jmp 80483ac               | e9 a2 93 d1 fa 

DUMP INSN - }
DUMP INSN (10 bytes)- for foo called at 80483ac / ret  80483b1{
    d330000( 5 bytes): call 8048374              | e8 6f 83 d1 fa 
    d330005( 5 bytes): jmp 80483b1               | e9 a7 83 d1 fa 

DUMP INSN - }
DUMP INSN (10 bytes)- for foo called at 80483b1 / ret  80483b6{
    d331000( 5 bytes): call 8048374              | e8 6f 73 d1 fa 
    d331005( 5 bytes): jmp 80483b6               | e9 ac 73 d1 fa 

DUMP INSN - }
DUMP INSN (10 bytes)- for foo called at 80483b6 / ret  80483bb{
    d333000( 5 bytes): call 8048374              | e8 6f 53 d1 fa 
    d333005( 5 bytes): jmp 80483bb               | e9 b1 53 d1 fa 

DUMP INSN - }
DUMP INSN (10 bytes)- for foo called at 80483bb / ret  80483c0{
    d334000( 5 bytes): call 8048374              | e8 6f 43 d1 fa 
    d334005( 5 bytes): jmp 80483c0               | e9 b6 43 d1 fa 

DUMP INSN - }
DUMP INSN (10 bytes)- for foo called at 80483c0 / ret  80483c5{
    d335000( 5 bytes): call 8048374              | e8 6f 33 d1 fa 
    d335005( 5 bytes): jmp 80483c5               | e9 bb 33 d1 fa 

DUMP INSN - }
# of calls: 0

real	2m23.621s
user	2m23.338s
sys	0m0.083s
======== payload + relocated + jump =========
parse time: 2731668.000000
payload
DUMP INSN (21 bytes)- for foo called at 8048393 / ret  8048398{
    ddef000( 5 bytes): push b975de0, ESP         | 68 e0 5d 97 0b 
    ddef005( 5 bytes): call 75b200               | e8 f6 c1 96 f2 
    ddef00a( 1 bytes): pop EAX, ESP              | 58 
    ddef00b( 5 bytes): call 8048374              | e8 64 93 25 fa 
    ddef010( 5 bytes): jmp 8048398               | e9 83 93 25 fa 

DUMP INSN - }
payload
DUMP INSN (21 bytes)- for foo called at 8048398 / ret  804839d{
    de19000( 5 bytes): push b758738, ESP         | 68 38 87 75 0b 
    de19005( 5 bytes): call 75b200               | e8 f6 21 94 f2 
    de1900a( 1 bytes): pop EAX, ESP              | 58 
    de1900b( 5 bytes): call 8048374              | e8 64 f3 22 fa 
    de19010( 5 bytes): jmp 804839d               | e9 88 f3 22 fa 

DUMP INSN - }
payload
DUMP INSN (21 bytes)- for foo called at 804839d / ret  80483a2{
    de1b000( 5 bytes): push b70d888, ESP         | 68 88 d8 70 0b 
    de1b005( 5 bytes): call 75b200               | e8 f6 01 94 f2 
    de1b00a( 1 bytes): pop EAX, ESP              | 58 
    de1b00b( 5 bytes): call 8048374              | e8 64 d3 22 fa 
    de1b010( 5 bytes): jmp 80483a2               | e9 8d d3 22 fa 

DUMP INSN - }
payload
DUMP INSN (21 bytes)- for foo called at 80483a2 / ret  80483a7{
    de1c000( 5 bytes): push b7fcec0, ESP         | 68 c0 ce 7f 0b 
    de1c005( 5 bytes): call 75b200               | e8 f6 f1 93 f2 
    de1c00a( 1 bytes): pop EAX, ESP              | 58 
    de1c00b( 5 bytes): call 8048374              | e8 64 c3 22 fa 
    de1c010( 5 bytes): jmp 80483a7               | e9 92 c3 22 fa 

DUMP INSN - }
payload
DUMP INSN (21 bytes)- for foo called at 80483a7 / ret  80483ac{
    de1d000( 5 bytes): push b9340e8, ESP         | 68 e8 40 93 0b 
    de1d005( 5 bytes): call 75b200               | e8 f6 e1 93 f2 
    de1d00a( 1 bytes): pop EAX, ESP              | 58 
    de1d00b( 5 bytes): call 8048374              | e8 64 b3 22 fa 
    de1d010( 5 bytes): jmp 80483ac               | e9 97 b3 22 fa 

DUMP INSN - }
payload
DUMP INSN (21 bytes)- for foo called at 80483ac / ret  80483b1{
    de1e000( 5 bytes): push d47f060, ESP         | 68 60 f0 47 0d 
    de1e005( 5 bytes): call 75b200               | e8 f6 d1 93 f2 
    de1e00a( 1 bytes): pop EAX, ESP              | 58 
    de1e00b( 5 bytes): call 8048374              | e8 64 a3 22 fa 
    de1e010( 5 bytes): jmp 80483b1               | e9 9c a3 22 fa 

DUMP INSN - }
payload
DUMP INSN (21 bytes)- for foo called at 80483b1 / ret  80483b6{
    de20000( 5 bytes): push ddff350, ESP         | 68 50 f3 df 0d 
    de20005( 5 bytes): call 75b200               | e8 f6 b1 93 f2 
    de2000a( 1 bytes): pop EAX, ESP              | 58 
    de2000b( 5 bytes): call 8048374              | e8 64 83 22 fa 
    de20010( 5 bytes): jmp 80483b6               | e9 a1 83 22 fa 

DUMP INSN - }
payload
DUMP INSN (21 bytes)- for foo called at 80483b6 / ret  80483bb{
    de21000( 5 bytes): push d73aad0, ESP         | 68 d0 aa 73 0d 
    de21005( 5 bytes): call 75b200               | e8 f6 a1 93 f2 
    de2100a( 1 bytes): pop EAX, ESP              | 58 
    de2100b( 5 bytes): call 8048374              | e8 64 73 22 fa 
    de21010( 5 bytes): jmp 80483bb               | e9 a6 73 22 fa 

DUMP INSN - }
payload
DUMP INSN (21 bytes)- for foo called at 80483bb / ret  80483c0{
    de22000( 5 bytes): push d7497a0, ESP         | 68 a0 97 74 0d 
    de22005( 5 bytes): call 75b200               | e8 f6 91 93 f2 
    de2200a( 1 bytes): pop EAX, ESP              | 58 
    de2200b( 5 bytes): call 8048374              | e8 64 63 22 fa 
    de22010( 5 bytes): jmp 80483c0               | e9 ab 63 22 fa 

DUMP INSN - }
payload
DUMP INSN (21 bytes)- for foo called at 80483c0 / ret  80483c5{
    de23000( 5 bytes): push ddfdf78, ESP         | 68 78 df df 0d 
    de23005( 5 bytes): call 75b200               | e8 f6 81 93 f2 
    de2300a( 1 bytes): pop EAX, ESP              | 58 
    de2300b( 5 bytes): call 8048374              | e8 64 53 22 fa 
    de23010( 5 bytes): jmp 80483c5               | e9 b0 53 22 fa 

DUMP INSN - }
# of calls: 0

real	2m44.373s
user	2m44.074s
sys	0m0.096s
======== context + payload + relocated + jump =========
parse time: 2770555.000000
save context
payload
restore context
DUMP INSN (23 bytes)- for foo called at 8048393 / ret  8048398{
    dc02000( 1 bytes): pushad EAX, ECX, EDX, EBX, ESP, EBP, ESI, EDI, ESP | 60 
    dc02001( 5 bytes): push b545490, ESP         | 68 90 54 54 0b 
    dc02006( 5 bytes): call d7b200               | e8 f5 91 17 f3 
    dc0200b( 1 bytes): pop EAX, ESP              | 58 
    dc0200c( 1 bytes): popad EAX, ECX, EDX, EBX, ESP, EBP, ESI, EDI, ESP | 61 
    dc0200d( 5 bytes): call 8048374              | e8 62 63 44 fa 
    dc02012( 5 bytes): jmp 8048398               | e9 81 63 44 fa 

DUMP INSN - }
save context
payload
restore context
DUMP INSN (23 bytes)- for foo called at 8048398 / ret  804839d{
    dc2c000( 1 bytes): pushad EAX, ECX, EDX, EBX, ESP, EBP, ESI, EDI, ESP | 60 
    dc2c001( 5 bytes): push b4f5498, ESP         | 68 98 54 4f 0b 
    dc2c006( 5 bytes): call d7b200               | e8 f5 f1 14 f3 
    dc2c00b( 1 bytes): pop EAX, ESP              | 58 
    dc2c00c( 1 bytes): popad EAX, ECX, EDX, EBX, ESP, EBP, ESI, EDI, ESP | 61 
    dc2c00d( 5 bytes): call 8048374              | e8 62 c3 41 fa 
    dc2c012( 5 bytes): jmp 804839d               | e9 86 c3 41 fa 

DUMP INSN - }
save context
payload
restore context
DUMP INSN (23 bytes)- for foo called at 804839d / ret  80483a2{
    dc2e000( 1 bytes): pushad EAX, ECX, EDX, EBX, ESP, EBP, ESI, EDI, ESP | 60 
    dc2e001( 5 bytes): push d28f428, ESP         | 68 28 f4 28 0d 
    dc2e006( 5 bytes): call d7b200               | e8 f5 d1 14 f3 
    dc2e00b( 1 bytes): pop EAX, ESP              | 58 
    dc2e00c( 1 bytes): popad EAX, ECX, EDX, EBX, ESP, EBP, ESI, EDI, ESP | 61 
    dc2e00d( 5 bytes): call 8048374              | e8 62 a3 41 fa 
    dc2e012( 5 bytes): jmp 80483a2               | e9 8b a3 41 fa 

DUMP INSN - }
save context
payload
restore context
DUMP INSN (23 bytes)- for foo called at 80483a2 / ret  80483a7{
    dc2f000( 1 bytes): pushad EAX, ECX, EDX, EBX, ESP, EBP, ESI, EDI, ESP | 60 
    dc2f001( 5 bytes): push d29a4c0, ESP         | 68 c0 a4 29 0d 
    dc2f006( 5 bytes): call d7b200               | e8 f5 c1 14 f3 
    dc2f00b( 1 bytes): pop EAX, ESP              | 58 
    dc2f00c( 1 bytes): popad EAX, ECX, EDX, EBX, ESP, EBP, ESI, EDI, ESP | 61 
    dc2f00d( 5 bytes): call 8048374              | e8 62 93 41 fa 
    dc2f012( 5 bytes): jmp 80483a7               | e9 90 93 41 fa 

DUMP INSN - }
save context
payload
restore context
DUMP INSN (23 bytes)- for foo called at 80483a7 / ret  80483ac{
    dc30000( 1 bytes): pushad EAX, ECX, EDX, EBX, ESP, EBP, ESI, EDI, ESP | 60 
    dc30001( 5 bytes): push d1a36a8, ESP         | 68 a8 36 1a 0d 
    dc30006( 5 bytes): call d7b200               | e8 f5 b1 14 f3 
    dc3000b( 1 bytes): pop EAX, ESP              | 58 
    dc3000c( 1 bytes): popad EAX, ECX, EDX, EBX, ESP, EBP, ESI, EDI, ESP | 61 
    dc3000d( 5 bytes): call 8048374              | e8 62 83 41 fa 
    dc30012( 5 bytes): jmp 80483ac               | e9 95 83 41 fa 

DUMP INSN - }
save context
payload
restore context
DUMP INSN (23 bytes)- for foo called at 80483ac / ret  80483b1{
    dc31000( 1 bytes): pushad EAX, ECX, EDX, EBX, ESP, EBP, ESI, EDI, ESP | 60 
    dc31001( 5 bytes): push b56b748, ESP         | 68 48 b7 56 0b 
    dc31006( 5 bytes): call d7b200               | e8 f5 a1 14 f3 
    dc3100b( 1 bytes): pop EAX, ESP              | 58 
    dc3100c( 1 bytes): popad EAX, ECX, EDX, EBX, ESP, EBP, ESI, EDI, ESP | 61 
    dc3100d( 5 bytes): call 8048374              | e8 62 73 41 fa 
    dc31012( 5 bytes): jmp 80483b1               | e9 9a 73 41 fa 

DUMP INSN - }
save context
payload
restore context
DUMP INSN (23 bytes)- for foo called at 80483b1 / ret  80483b6{
    dc33000( 1 bytes): pushad EAX, ECX, EDX, EBX, ESP, EBP, ESI, EDI, ESP | 60 
    dc33001( 5 bytes): push b553728, ESP         | 68 28 37 55 0b 
    dc33006( 5 bytes): call d7b200               | e8 f5 81 14 f3 
    dc3300b( 1 bytes): pop EAX, ESP              | 58 
    dc3300c( 1 bytes): popad EAX, ECX, EDX, EBX, ESP, EBP, ESI, EDI, ESP | 61 
    dc3300d( 5 bytes): call 8048374              | e8 62 53 41 fa 
    dc33012( 5 bytes): jmp 80483b6               | e9 9f 53 41 fa 

DUMP INSN - }
save context
payload
restore context
DUMP INSN (23 bytes)- for foo called at 80483b6 / ret  80483bb{
    dc34000( 1 bytes): pushad EAX, ECX, EDX, EBX, ESP, EBP, ESI, EDI, ESP | 60 
    dc34001( 5 bytes): push d256e00, ESP         | 68 00 6e 25 0d 
    dc34006( 5 bytes): call d7b200               | e8 f5 71 14 f3 
    dc3400b( 1 bytes): pop EAX, ESP              | 58 
    dc3400c( 1 bytes): popad EAX, ECX, EDX, EBX, ESP, EBP, ESI, EDI, ESP | 61 
    dc3400d( 5 bytes): call 8048374              | e8 62 43 41 fa 
    dc34012( 5 bytes): jmp 80483bb               | e9 a4 43 41 fa 

DUMP INSN - }
save context
payload
restore context
DUMP INSN (23 bytes)- for foo called at 80483bb / ret  80483c0{
    dc35000( 1 bytes): pushad EAX, ECX, EDX, EBX, ESP, EBP, ESI, EDI, ESP | 60 
    dc35001( 5 bytes): push dbf2f20, ESP         | 68 20 2f bf 0d 
    dc35006( 5 bytes): call d7b200               | e8 f5 61 14 f3 
    dc3500b( 1 bytes): pop EAX, ESP              | 58 
    dc3500c( 1 bytes): popad EAX, ECX, EDX, EBX, ESP, EBP, ESI, EDI, ESP | 61 
    dc3500d( 5 bytes): call 8048374              | e8 62 33 41 fa 
    dc35012( 5 bytes): jmp 80483c0               | e9 a9 33 41 fa 

DUMP INSN - }
save context
payload
restore context
DUMP INSN (23 bytes)- for foo called at 80483c0 / ret  80483c5{
    dc36000( 1 bytes): pushad EAX, ECX, EDX, EBX, ESP, EBP, ESI, EDI, ESP | 60 
    dc36001( 5 bytes): push d2ac980, ESP         | 68 80 c9 2a 0d 
    dc36006( 5 bytes): call d7b200               | e8 f5 51 14 f3 
    dc3600b( 1 bytes): pop EAX, ESP              | 58 
    dc3600c( 1 bytes): popad EAX, ECX, EDX, EBX, ESP, EBP, ESI, EDI, ESP | 61 
    dc3600d( 5 bytes): call 8048374              | e8 62 23 41 fa 
    dc36012( 5 bytes): jmp 80483c5               | e9 ae 23 41 fa 

DUMP INSN - }
# of calls: 0

real	3m27.022s
user	3m26.737s
sys	0m0.081s
