This file contains any messages produced by compilers while
running configure, to aid debugging if configure makes a mistake.

It was created by GNU C Runtime Library configure 1.0, which was
generated by GNU Autoconf 2.64.  Invocation command line was

  $ /afs/cs.wisc.edu/p/paradyn/development/wenbin/spi/spi/x86_64-unknown-linux2.4/tmp/gcc-4.5.3/libgcc/configure --cache-file=./config.cache --enable-multilib --prefix=/afs/cs.wisc.edu/p/paradyn/development/wenbin/spi/spi/x86_64-unknown-linux2.4/tmp --with-mpfr=/s/mpfr-2.3.2 --with-gmp=/s/gmp-4.3.2 --with-mpc=/s/mpc-0.8.1 --enable-languages=c,c++,fortran,java,lto,objc --program-transform-name=s,y,y, --disable-option-checking --with-target-subdir=x86_64-unknown-linux-gnu --build=x86_64-unknown-linux-gnu --host=x86_64-unknown-linux-gnu --target=x86_64-unknown-linux-gnu --srcdir=../.././libgcc --disable-intermodule --enable-checking=yes,types --disable-coverage --enable-languages=c

## --------- ##
## Platform. ##
## --------- ##

hostname = feta.cs.wisc.edu
uname -m = x86_64
uname -r = 2.6.18-274.12.1.el5
uname -s = Linux
uname -v = #1 SMP Tue Nov 8 21:37:35 EST 2011

/usr/bin/uname -p = unknown
/bin/uname -X     = unknown

/bin/arch              = x86_64
/usr/bin/arch -k       = unknown
/usr/convex/getsysinfo = unknown
/usr/bin/hostinfo      = unknown
/bin/machine           = unknown
/usr/bin/oslevel       = unknown
/bin/universe          = unknown

PATH: /afs/cs.wisc.edu/u/w/e/wenbin/private/soft
PATH: /scratch/wenbin/chrome/depot_tools
PATH: /s/intel_cc/bin
PATH: /afs/cs.wisc.edu/u/w/e/wenbin/private/soft/bin
PATH: /afs/cs.wisc.edu/unsup/alpine-2.00/@sys/bin
PATH: /afs/cs.wisc.edu/p/paradyn/development/wenbin/spi/dyninst/x86_64-unknown-linux2.4/bin
PATH: /p/paradyn/utilities
PATH: /p/paradyn/scripts
PATH: /u/w/e/wenbin/perl5/bin
PATH: /usr/sbin
PATH: /afs/cs.wisc.edu/s/gperf-3.0.2/@sys/bin
PATH: /afs/cs.wisc.edu/unsup/git-1.7.6/@sys/bin
PATH: /afs/cs.wisc.edu/s/python-2.7.1/@sys/bin
PATH: /u/w/e/wenbin/bin
PATH: /s/std/bin
PATH: /usr/afsws/bin
PATH: /opt/SUNWspro/bin
PATH: /usr/ccs/bin
PATH: /usr/ucb
PATH: /bin
PATH: /usr/bin
PATH: /usr/stat/bin
PATH: /usr/X11R6/bin
PATH: .


## ----------- ##
## Core tests. ##
## ----------- ##

configure:1731: loading cache ./config.cache
configure:1900: checking for --enable-version-specific-runtime-libs
configure:1913: result: no
configure:1961: checking for a BSD-compatible install
configure:2029: result: /usr/bin/install -c
configure:2045: checking for gawk
configure:2072: result: gawk
configure:2092: checking build system type
configure:2106: result: x86_64-unknown-linux-gnu
configure:2126: checking host system type
configure:2139: result: x86_64-unknown-linux-gnu
configure:2210: checking for x86_64-unknown-linux-gnu-ar
configure:2237: result: ar
configure:2302: checking for x86_64-unknown-linux-gnu-lipo
configure:2329: result: lipo
configure:2394: checking for x86_64-unknown-linux-gnu-nm
configure:2421: result: /afs/cs.wisc.edu/p/paradyn/development/wenbin/spi/spi/x86_64-unknown-linux2.4/tmp/gcc-4.5.3/host-x86_64-unknown-linux-gnu/gcc/nm
configure:2486: checking for x86_64-unknown-linux-gnu-ranlib
configure:2513: result: ranlib
configure:2578: checking for x86_64-unknown-linux-gnu-strip
configure:2605: result: strip
configure:2667: checking whether ln -s works
configure:2671: result: yes
configure:2688: checking for x86_64-unknown-linux-gnu-gcc
configure:2715: result: /afs/cs.wisc.edu/p/paradyn/development/wenbin/spi/spi/x86_64-unknown-linux2.4/tmp/gcc-4.5.3/host-x86_64-unknown-linux-gnu/gcc/xgcc -B/afs/cs.wisc.edu/p/paradyn/development/wenbin/spi/spi/x86_64-unknown-linux2.4/tmp/gcc-4.5.3/host-x86_64-unknown-linux-gnu/gcc/ -B/afs/cs.wisc.edu/p/paradyn/development/wenbin/spi/spi/x86_64-unknown-linux2.4/tmp/x86_64-unknown-linux-gnu/bin/ -B/afs/cs.wisc.edu/p/paradyn/development/wenbin/spi/spi/x86_64-unknown-linux2.4/tmp/x86_64-unknown-linux-gnu/lib/ -isystem /afs/cs.wisc.edu/p/paradyn/development/wenbin/spi/spi/x86_64-unknown-linux2.4/tmp/x86_64-unknown-linux-gnu/include -isystem /afs/cs.wisc.edu/p/paradyn/development/wenbin/spi/spi/x86_64-unknown-linux2.4/tmp/x86_64-unknown-linux-gnu/sys-include   
configure:2984: checking for C compiler version
configure:2993: /afs/cs.wisc.edu/p/paradyn/development/wenbin/spi/spi/x86_64-unknown-linux2.4/tmp/gcc-4.5.3/host-x86_64-unknown-linux-gnu/gcc/xgcc -B/afs/cs.wisc.edu/p/paradyn/development/wenbin/spi/spi/x86_64-unknown-linux2.4/tmp/gcc-4.5.3/host-x86_64-unknown-linux-gnu/gcc/ -B/afs/cs.wisc.edu/p/paradyn/development/wenbin/spi/spi/x86_64-unknown-linux2.4/tmp/x86_64-unknown-linux-gnu/bin/ -B/afs/cs.wisc.edu/p/paradyn/development/wenbin/spi/spi/x86_64-unknown-linux2.4/tmp/x86_64-unknown-linux-gnu/lib/ -isystem /afs/cs.wisc.edu/p/paradyn/development/wenbin/spi/spi/x86_64-unknown-linux2.4/tmp/x86_64-unknown-linux-gnu/include -isystem /afs/cs.wisc.edu/p/paradyn/development/wenbin/spi/spi/x86_64-unknown-linux2.4/tmp/x86_64-unknown-linux-gnu/sys-include    --version >&5
xgcc (GCC) 4.5.3
Copyright (C) 2010 Free Software Foundation, Inc.
This is free software; see the source for copying conditions.  There is NO
warranty; not even for MERCHANTABILITY or FITNESS FOR A PARTICULAR PURPOSE.

configure:3004: $? = 0
configure:2993: /afs/cs.wisc.edu/p/paradyn/development/wenbin/spi/spi/x86_64-unknown-linux2.4/tmp/gcc-4.5.3/host-x86_64-unknown-linux-gnu/gcc/xgcc -B/afs/cs.wisc.edu/p/paradyn/development/wenbin/spi/spi/x86_64-unknown-linux2.4/tmp/gcc-4.5.3/host-x86_64-unknown-linux-gnu/gcc/ -B/afs/cs.wisc.edu/p/paradyn/development/wenbin/spi/spi/x86_64-unknown-linux2.4/tmp/x86_64-unknown-linux-gnu/bin/ -B/afs/cs.wisc.edu/p/paradyn/development/wenbin/spi/spi/x86_64-unknown-linux2.4/tmp/x86_64-unknown-linux-gnu/lib/ -isystem /afs/cs.wisc.edu/p/paradyn/development/wenbin/spi/spi/x86_64-unknown-linux2.4/tmp/x86_64-unknown-linux-gnu/include -isystem /afs/cs.wisc.edu/p/paradyn/development/wenbin/spi/spi/x86_64-unknown-linux2.4/tmp/x86_64-unknown-linux-gnu/sys-include    -v >&5
Reading specs from /afs/cs.wisc.edu/p/paradyn/development/wenbin/spi/spi/x86_64-unknown-linux2.4/tmp/gcc-4.5.3/host-x86_64-unknown-linux-gnu/gcc/specs
COLLECT_GCC=/afs/cs.wisc.edu/p/paradyn/development/wenbin/spi/spi/x86_64-unknown-linux2.4/tmp/gcc-4.5.3/host-x86_64-unknown-linux-gnu/gcc/xgcc
COLLECT_LTO_WRAPPER=/afs/cs.wisc.edu/p/paradyn/development/wenbin/spi/spi/x86_64-unknown-linux2.4/tmp/gcc-4.5.3/host-x86_64-unknown-linux-gnu/gcc/lto-wrapper
Target: x86_64-unknown-linux-gnu
Configured with: ./configure --prefix=/afs/cs.wisc.edu/p/paradyn/development/wenbin/spi/spi/x86_64-unknown-linux2.4/tmp --disable-multilib --with-mpfr=/s/mpfr-2.3.2 --with-gmp=/s/gmp-4.3.2 --with-mpc=/s/mpc-0.8.1
Thread model: posix
gcc version 4.5.3 (GCC) 
configure:3004: $? = 0
configure:2993: /afs/cs.wisc.edu/p/paradyn/development/wenbin/spi/spi/x86_64-unknown-linux2.4/tmp/gcc-4.5.3/host-x86_64-unknown-linux-gnu/gcc/xgcc -B/afs/cs.wisc.edu/p/paradyn/development/wenbin/spi/spi/x86_64-unknown-linux2.4/tmp/gcc-4.5.3/host-x86_64-unknown-linux-gnu/gcc/ -B/afs/cs.wisc.edu/p/paradyn/development/wenbin/spi/spi/x86_64-unknown-linux2.4/tmp/x86_64-unknown-linux-gnu/bin/ -B/afs/cs.wisc.edu/p/paradyn/development/wenbin/spi/spi/x86_64-unknown-linux2.4/tmp/x86_64-unknown-linux-gnu/lib/ -isystem /afs/cs.wisc.edu/p/paradyn/development/wenbin/spi/spi/x86_64-unknown-linux2.4/tmp/x86_64-unknown-linux-gnu/include -isystem /afs/cs.wisc.edu/p/paradyn/development/wenbin/spi/spi/x86_64-unknown-linux2.4/tmp/x86_64-unknown-linux-gnu/sys-include    -V >&5
xgcc: '-V' must come at the start of the command line
configure:3004: $? = 1
configure:2993: /afs/cs.wisc.edu/p/paradyn/development/wenbin/spi/spi/x86_64-unknown-linux2.4/tmp/gcc-4.5.3/host-x86_64-unknown-linux-gnu/gcc/xgcc -B/afs/cs.wisc.edu/p/paradyn/development/wenbin/spi/spi/x86_64-unknown-linux2.4/tmp/gcc-4.5.3/host-x86_64-unknown-linux-gnu/gcc/ -B/afs/cs.wisc.edu/p/paradyn/development/wenbin/spi/spi/x86_64-unknown-linux2.4/tmp/x86_64-unknown-linux-gnu/bin/ -B/afs/cs.wisc.edu/p/paradyn/development/wenbin/spi/spi/x86_64-unknown-linux2.4/tmp/x86_64-unknown-linux-gnu/lib/ -isystem /afs/cs.wisc.edu/p/paradyn/development/wenbin/spi/spi/x86_64-unknown-linux2.4/tmp/x86_64-unknown-linux-gnu/include -isystem /afs/cs.wisc.edu/p/paradyn/development/wenbin/spi/spi/x86_64-unknown-linux2.4/tmp/x86_64-unknown-linux-gnu/sys-include    -qversion >&5
xgcc: unrecognized option '-qversion'
xgcc: no input files
configure:3004: $? = 1
configure:3020: /afs/cs.wisc.edu/p/paradyn/development/wenbin/spi/spi/x86_64-unknown-linux2.4/tmp/gcc-4.5.3/host-x86_64-unknown-linux-gnu/gcc/xgcc -B/afs/cs.wisc.edu/p/paradyn/development/wenbin/spi/spi/x86_64-unknown-linux2.4/tmp/gcc-4.5.3/host-x86_64-unknown-linux-gnu/gcc/ -B/afs/cs.wisc.edu/p/paradyn/development/wenbin/spi/spi/x86_64-unknown-linux2.4/tmp/x86_64-unknown-linux-gnu/bin/ -B/afs/cs.wisc.edu/p/paradyn/development/wenbin/spi/spi/x86_64-unknown-linux2.4/tmp/x86_64-unknown-linux-gnu/lib/ -isystem /afs/cs.wisc.edu/p/paradyn/development/wenbin/spi/spi/x86_64-unknown-linux2.4/tmp/x86_64-unknown-linux-gnu/include -isystem /afs/cs.wisc.edu/p/paradyn/development/wenbin/spi/spi/x86_64-unknown-linux2.4/tmp/x86_64-unknown-linux-gnu/sys-include    -o conftest -g -O2   conftest.c  >&5
/afs/cs.wisc.edu/p/paradyn/development/wenbin/spi/spi/x86_64-unknown-linux2.4/tmp/gcc-4.5.3/host-x86_64-unknown-linux-gnu/gcc/cc1: error while loading shared libraries: libmpc.so.2: cannot open shared object file: No such file or directory
configure:3023: $? = 1
configure:3211: checking for suffix of object files
configure:3233: /afs/cs.wisc.edu/p/paradyn/development/wenbin/spi/spi/x86_64-unknown-linux2.4/tmp/gcc-4.5.3/host-x86_64-unknown-linux-gnu/gcc/xgcc -B/afs/cs.wisc.edu/p/paradyn/development/wenbin/spi/spi/x86_64-unknown-linux2.4/tmp/gcc-4.5.3/host-x86_64-unknown-linux-gnu/gcc/ -B/afs/cs.wisc.edu/p/paradyn/development/wenbin/spi/spi/x86_64-unknown-linux2.4/tmp/x86_64-unknown-linux-gnu/bin/ -B/afs/cs.wisc.edu/p/paradyn/development/wenbin/spi/spi/x86_64-unknown-linux2.4/tmp/x86_64-unknown-linux-gnu/lib/ -isystem /afs/cs.wisc.edu/p/paradyn/development/wenbin/spi/spi/x86_64-unknown-linux2.4/tmp/x86_64-unknown-linux-gnu/include -isystem /afs/cs.wisc.edu/p/paradyn/development/wenbin/spi/spi/x86_64-unknown-linux2.4/tmp/x86_64-unknown-linux-gnu/sys-include    -c -g -O2  conftest.c >&5
/afs/cs.wisc.edu/p/paradyn/development/wenbin/spi/spi/x86_64-unknown-linux2.4/tmp/gcc-4.5.3/host-x86_64-unknown-linux-gnu/gcc/cc1: error while loading shared libraries: libmpc.so.2: cannot open shared object file: No such file or directory
configure:3237: $? = 1
configure: failed program was:
| /* confdefs.h */
| #define PACKAGE_NAME "GNU C Runtime Library"
| #define PACKAGE_TARNAME "libgcc"
| #define PACKAGE_VERSION "1.0"
| #define PACKAGE_STRING "GNU C Runtime Library 1.0"
| #define PACKAGE_BUGREPORT ""
| #define PACKAGE_URL "http://www.gnu.org/software/libgcc/"
| /* end confdefs.h.  */
| 
| int
| main ()
| {
| 
|   ;
|   return 0;
| }
configure:3251: error: in `/afs/cs.wisc.edu/p/paradyn/development/wenbin/spi/spi/x86_64-unknown-linux2.4/tmp/gcc-4.5.3/x86_64-unknown-linux-gnu/libgcc':
configure:3254: error: cannot compute suffix of object files: cannot compile
See `config.log' for more details.

## ---------------- ##
## Cache variables. ##
## ---------------- ##

ac_cv_build=x86_64-unknown-linux-gnu
ac_cv_env_CC_set=set
ac_cv_env_CC_value='/afs/cs.wisc.edu/p/paradyn/development/wenbin/spi/spi/x86_64-unknown-linux2.4/tmp/gcc-4.5.3/host-x86_64-unknown-linux-gnu/gcc/xgcc -B/afs/cs.wisc.edu/p/paradyn/development/wenbin/spi/spi/x86_64-unknown-linux2.4/tmp/gcc-4.5.3/host-x86_64-unknown-linux-gnu/gcc/ -B/afs/cs.wisc.edu/p/paradyn/development/wenbin/spi/spi/x86_64-unknown-linux2.4/tmp/x86_64-unknown-linux-gnu/bin/ -B/afs/cs.wisc.edu/p/paradyn/development/wenbin/spi/spi/x86_64-unknown-linux2.4/tmp/x86_64-unknown-linux-gnu/lib/ -isystem /afs/cs.wisc.edu/p/paradyn/development/wenbin/spi/spi/x86_64-unknown-linux2.4/tmp/x86_64-unknown-linux-gnu/include -isystem /afs/cs.wisc.edu/p/paradyn/development/wenbin/spi/spi/x86_64-unknown-linux2.4/tmp/x86_64-unknown-linux-gnu/sys-include   '
ac_cv_env_CFLAGS_set=set
ac_cv_env_CFLAGS_value='-g -O2'
ac_cv_env_CPPFLAGS_set=set
ac_cv_env_CPPFLAGS_value=
ac_cv_env_CPP_set=
ac_cv_env_CPP_value=
ac_cv_env_LDFLAGS_set=set
ac_cv_env_LDFLAGS_value=
ac_cv_env_LIBS_set=
ac_cv_env_LIBS_value=
ac_cv_env_build_alias_set=set
ac_cv_env_build_alias_value=x86_64-unknown-linux-gnu
ac_cv_env_host_alias_set=set
ac_cv_env_host_alias_value=x86_64-unknown-linux-gnu
ac_cv_env_target_alias_set=set
ac_cv_env_target_alias_value=x86_64-unknown-linux-gnu
ac_cv_host=x86_64-unknown-linux-gnu
ac_cv_prog_AR=ar
ac_cv_prog_AWK=gawk
ac_cv_prog_CC='/afs/cs.wisc.edu/p/paradyn/development/wenbin/spi/spi/x86_64-unknown-linux2.4/tmp/gcc-4.5.3/host-x86_64-unknown-linux-gnu/gcc/xgcc -B/afs/cs.wisc.edu/p/paradyn/development/wenbin/spi/spi/x86_64-unknown-linux2.4/tmp/gcc-4.5.3/host-x86_64-unknown-linux-gnu/gcc/ -B/afs/cs.wisc.edu/p/paradyn/development/wenbin/spi/spi/x86_64-unknown-linux2.4/tmp/x86_64-unknown-linux-gnu/bin/ -B/afs/cs.wisc.edu/p/paradyn/development/wenbin/spi/spi/x86_64-unknown-linux2.4/tmp/x86_64-unknown-linux-gnu/lib/ -isystem /afs/cs.wisc.edu/p/paradyn/development/wenbin/spi/spi/x86_64-unknown-linux2.4/tmp/x86_64-unknown-linux-gnu/include -isystem /afs/cs.wisc.edu/p/paradyn/development/wenbin/spi/spi/x86_64-unknown-linux2.4/tmp/x86_64-unknown-linux-gnu/sys-include   '
ac_cv_prog_LIPO=lipo
ac_cv_prog_NM=/afs/cs.wisc.edu/p/paradyn/development/wenbin/spi/spi/x86_64-unknown-linux2.4/tmp/gcc-4.5.3/host-x86_64-unknown-linux-gnu/gcc/nm
ac_cv_prog_RANLIB=ranlib
ac_cv_prog_STRIP=strip

## ----------------- ##
## Output variables. ##
## ----------------- ##

AR='ar'
AWK='gawk'
CC='/afs/cs.wisc.edu/p/paradyn/development/wenbin/spi/spi/x86_64-unknown-linux2.4/tmp/gcc-4.5.3/host-x86_64-unknown-linux-gnu/gcc/xgcc -B/afs/cs.wisc.edu/p/paradyn/development/wenbin/spi/spi/x86_64-unknown-linux2.4/tmp/gcc-4.5.3/host-x86_64-unknown-linux-gnu/gcc/ -B/afs/cs.wisc.edu/p/paradyn/development/wenbin/spi/spi/x86_64-unknown-linux2.4/tmp/x86_64-unknown-linux-gnu/bin/ -B/afs/cs.wisc.edu/p/paradyn/development/wenbin/spi/spi/x86_64-unknown-linux2.4/tmp/x86_64-unknown-linux-gnu/lib/ -isystem /afs/cs.wisc.edu/p/paradyn/development/wenbin/spi/spi/x86_64-unknown-linux2.4/tmp/x86_64-unknown-linux-gnu/include -isystem /afs/cs.wisc.edu/p/paradyn/development/wenbin/spi/spi/x86_64-unknown-linux2.4/tmp/x86_64-unknown-linux-gnu/sys-include   '
CFLAGS='-g -O2'
CPP=''
CPPFLAGS=''
DEFS=''
ECHO_C=''
ECHO_N='-n'
ECHO_T=''
EXEEXT=''
INSTALL_DATA='/usr/bin/install -c -m 644'
INSTALL_PROGRAM='/usr/bin/install -c'
INSTALL_SCRIPT='/usr/bin/install -c'
LDFLAGS=''
LIBOBJS=''
LIBS=''
LIPO='lipo'
LN_S='ln -s'
LTLIBOBJS=''
MAINT='#'
NM='/afs/cs.wisc.edu/p/paradyn/development/wenbin/spi/spi/x86_64-unknown-linux2.4/tmp/gcc-4.5.3/host-x86_64-unknown-linux-gnu/gcc/nm'
OBJEXT=''
PACKAGE_BUGREPORT=''
PACKAGE_NAME='GNU C Runtime Library'
PACKAGE_STRING='GNU C Runtime Library 1.0'
PACKAGE_TARNAME='libgcc'
PACKAGE_URL='http://www.gnu.org/software/libgcc/'
PACKAGE_VERSION='1.0'
PATH_SEPARATOR=':'
RANLIB='ranlib'
SHELL='/bin/sh'
STRIP='strip'
ac_ct_CC=''
asm_hidden_op=''
bindir='${exec_prefix}/bin'
build='x86_64-unknown-linux-gnu'
build_alias='x86_64-unknown-linux-gnu'
build_cpu='x86_64'
build_libsubdir='build-x86_64-unknown-linux-gnu'
build_os='linux-gnu'
build_subdir='build-x86_64-unknown-linux-gnu'
build_vendor='unknown'
datadir='${datarootdir}'
datarootdir='${prefix}/share'
decimal_float=''
docdir='${datarootdir}/doc/${PACKAGE_TARNAME}'
dvidir='${docdir}'
enable_decimal_float=''
enable_shared='yes'
exec_prefix='NONE'
extra_parts=''
fixed_point=''
host='x86_64-unknown-linux-gnu'
host_alias='x86_64-unknown-linux-gnu'
host_cpu='x86_64'
host_noncanonical='x86_64-unknown-linux-gnu'
host_os='linux-gnu'
host_subdir='host-x86_64-unknown-linux-gnu'
host_vendor='unknown'
htmldir='${docdir}'
includedir='${prefix}/include'
infodir='${datarootdir}/info'
libdir='${exec_prefix}/lib'
libexecdir='${exec_prefix}/libexec'
libgcc_topdir='../.././libgcc/..'
localedir='${datarootdir}/locale'
localstatedir='${prefix}/var'
mandir='${datarootdir}/man'
oldincludedir='/usr/include'
pdfdir='${docdir}'
prefix='/afs/cs.wisc.edu/p/paradyn/development/wenbin/spi/spi/x86_64-unknown-linux2.4/tmp'
program_transform_name='s,y,y,'
psdir='${docdir}'
sbindir='${exec_prefix}/sbin'
set_have_cc_tls=''
set_use_emutls=''
sharedstatedir='${prefix}/com'
slibdir='$(libdir)'
sysconfdir='${prefix}/etc'
target_alias='x86_64-unknown-linux-gnu'
target_subdir='x86_64-unknown-linux-gnu'
tmake_file=''
vis_hide=''

## ----------- ##
## confdefs.h. ##
## ----------- ##

/* confdefs.h */
#define PACKAGE_NAME "GNU C Runtime Library"
#define PACKAGE_TARNAME "libgcc"
#define PACKAGE_VERSION "1.0"
#define PACKAGE_STRING "GNU C Runtime Library 1.0"
#define PACKAGE_BUGREPORT ""
#define PACKAGE_URL "http://www.gnu.org/software/libgcc/"

configure: exit 1
