This is pdfTeX, Version 3.1415926-2.3-1.40.12 (TeX Live 2011) (format=pdflatex 2011.9.8)  6 NOV 2012 15:12
entering extended mode
 restricted \write18 enabled.
 %&-line parsing enabled.
**spi
(./spi.tex
LaTeX2e <2011/06/27>
Babel <v3.8m> and hyphenation patterns for english, dumylang, nohyphenation, ge
rman-x-2011-07-01, ngerman-x-2011-07-01, afrikaans, ancientgreek, ibycus, arabi
c, armenian, basque, bulgarian, catalan, pinyin, coptic, croatian, czech, danis
h, dutch, ukenglish, usenglishmax, esperanto, estonian, ethiopic, farsi, finnis
h, french, galician, german, ngerman, swissgerman, monogreek, greek, hungarian,
 icelandic, assamese, bengali, gujarati, hindi, kannada, malayalam, marathi, or
iya, panjabi, tamil, telugu, indonesian, interlingua, irish, italian, kurmanji,
 lao, latin, latvian, lithuanian, mongolian, mongolianlmc, bokmal, nynorsk, pol
ish, portuguese, romanian, russian, sanskrit, serbian, serbianc, slovak, sloven
ian, spanish, swedish, turkish, turkmen, ukrainian, uppersorbian, welsh, loaded
.

(/afs/cs.wisc.edu/s/texlive-2011/amd64_rhel5/texmf-dist/tex/latex/base/article.
cls
Document Class: article 2007/10/19 v1.4h Standard LaTeX document class

(/afs/cs.wisc.edu/s/texlive-2011/amd64_rhel5/texmf-dist/tex/latex/base/size11.c
lo
File: size11.clo 2007/10/19 v1.4h Standard LaTeX file (size option)
)
\c@part=\count79
\c@section=\count80
\c@subsection=\count81
\c@subsubsection=\count82
\c@paragraph=\count83
\c@subparagraph=\count84
\c@figure=\count85
\c@table=\count86
\abovecaptionskip=\skip41
\belowcaptionskip=\skip42
\bibindent=\dimen102
)
(/afs/cs.wisc.edu/s/texlive-2011/amd64_rhel5/texmf-dist/tex/latex/base/fontenc.
sty
Package: fontenc 2005/09/27 v1.99g Standard LaTeX package

(/afs/cs.wisc.edu/s/texlive-2011/amd64_rhel5/texmf-dist/tex/latex/base/t1enc.de
f
File: t1enc.def 2005/09/27 v1.99g Standard LaTeX file
LaTeX Font Info:    Redeclaring font encoding T1 on input line 43.
))
(/afs/cs.wisc.edu/s/texlive-2011/amd64_rhel5/texmf-dist/tex/latex/graphics/grap
hicx.sty
Package: graphicx 1999/02/16 v1.0f Enhanced LaTeX Graphics (DPC,SPQR)

(/afs/cs.wisc.edu/s/texlive-2011/amd64_rhel5/texmf-dist/tex/latex/graphics/keyv
al.sty
Package: keyval 1999/03/16 v1.13 key=value parser (DPC)
\KV@toks@=\toks14
)
(/afs/cs.wisc.edu/s/texlive-2011/amd64_rhel5/texmf-dist/tex/latex/graphics/grap
hics.sty
Package: graphics 2009/02/05 v1.0o Standard LaTeX Graphics (DPC,SPQR)

(/afs/cs.wisc.edu/s/texlive-2011/amd64_rhel5/texmf-dist/tex/latex/graphics/trig
.sty
Package: trig 1999/03/16 v1.09 sin cos tan (DPC)
)
(/afs/cs.wisc.edu/s/texlive-2011/amd64_rhel5/texmf-dist/tex/latex/latexconfig/g
raphics.cfg
File: graphics.cfg 2010/04/23 v1.9 graphics configuration of TeX Live
)
Package graphics Info: Driver file: pdftex.def on input line 91.

(/afs/cs.wisc.edu/s/texlive-2011/amd64_rhel5/texmf-dist/tex/latex/pdftex-def/pd
ftex.def
File: pdftex.def 2011/05/27 v0.06d Graphics/color for pdfTeX

(/afs/cs.wisc.edu/s/texlive-2011/amd64_rhel5/texmf-dist/tex/generic/oberdiek/in
fwarerr.sty
Package: infwarerr 2010/04/08 v1.3 Providing info/warning/message (HO)
)
(/afs/cs.wisc.edu/s/texlive-2011/amd64_rhel5/texmf-dist/tex/generic/oberdiek/lt
xcmds.sty
Package: ltxcmds 2011/04/18 v1.20 LaTeX kernel commands for general use (HO)
)
\Gread@gobject=\count87
))
\Gin@req@height=\dimen103
\Gin@req@width=\dimen104
)
(/afs/cs.wisc.edu/s/texlive-2011/amd64_rhel5/texmf-dist/tex/latex/tools/longtab
le.sty
Package: longtable 2004/02/01 v4.11 Multi-page Table package (DPC)
\LTleft=\skip43
\LTright=\skip44
\LTpre=\skip45
\LTpost=\skip46
\LTchunksize=\count88
\LTcapwidth=\dimen105
\LT@head=\box26
\LT@firsthead=\box27
\LT@foot=\box28
\LT@lastfoot=\box29
\LT@cols=\count89
\LT@rows=\count90
\c@LT@tables=\count91
\c@LT@chunks=\count92
\LT@p@ftn=\toks15
)
(/afs/cs.wisc.edu/s/texlive-2011/amd64_rhel5/texmf-dist/tex/latex/hyperref/hype
rref.sty
Package: hyperref 2011/08/19 v6.82h Hypertext links for LaTeX

(/afs/cs.wisc.edu/s/texlive-2011/amd64_rhel5/texmf-dist/tex/generic/oberdiek/ho
bsub-hyperref.sty
Package: hobsub-hyperref 2011/04/23 v1.4 Bundle oberdiek, subset hyperref (HO)

(/afs/cs.wisc.edu/s/texlive-2011/amd64_rhel5/texmf-dist/tex/generic/oberdiek/ho
bsub-generic.sty
Package: hobsub-generic 2011/04/23 v1.4 Bundle oberdiek, subset generic (HO)
Package: hobsub 2011/04/23 v1.4 Subsetting bundle oberdiek (HO)
Package hobsub Info: Skipping package `infwarerr' (already loaded).
Package hobsub Info: Skipping package `ltxcmds' (already loaded).
Package: ifluatex 2010/03/01 v1.3 Provides the ifluatex switch (HO)
Package ifluatex Info: LuaTeX not detected.
Package: ifvtex 2010/03/01 v1.5 Switches for detecting VTeX and its modes (HO)
Package ifvtex Info: VTeX not detected.
Package: intcalc 2007/09/27 v1.1 Expandable integer calculations (HO)
Package: ifpdf 2011/01/30 v2.3 Provides the ifpdf switch (HO)
Package ifpdf Info: pdfTeX in PDF mode is detected.
Package: etexcmds 2011/02/16 v1.5 Prefix for e-TeX command names (HO)
Package etexcmds Info: Could not find \expanded.
(etexcmds)             That can mean that you are not using pdfTeX 1.50 or
(etexcmds)             that some package has redefined \expanded.
(etexcmds)             In the latter case, load this package earlier.
Package: kvsetkeys 2011/04/07 v1.13 Key value parser (HO)
Package: kvdefinekeys 2011/04/07 v1.3 Defining keys (HO)
Package: pdftexcmds 2011/04/22 v0.16 Utilities of pdfTeX for LuaTeX (HO)
Package pdftexcmds Info: LuaTeX not detected.
Package pdftexcmds Info: \pdf@primitive is available.
Package pdftexcmds Info: \pdf@ifprimitive is available.
Package pdftexcmds Info: \pdfdraftmode found.
Package: pdfescape 2011/04/04 v1.12 Provides string conversions (HO)
Package: bigintcalc 2011/01/30 v1.2 Expandable big integer calculations (HO)
Package: bitset 2011/01/30 v1.1 Data type bit set (HO)
Package: uniquecounter 2011/01/30 v1.2 Provides unlimited unique counter (HO)
)
Package hobsub Info: Skipping package `hobsub' (already loaded).
Package: letltxmacro 2010/09/02 v1.4 Let assignment for LaTeX macros (HO)
Package: hopatch 2011/01/30 v1.0 Wrapper for package hooks (HO)
Package: xcolor-patch 2011/01/30 xcolor patch
Package: atveryend 2011/04/23 v1.7 Hooks at very end of document (HO)
Package: atbegshi 2011/01/30 v1.15 At begin shipout hook (HO)
Package: refcount 2010/12/01 v3.2 Data extraction from references (HO)
Package: hycolor 2011/01/30 v1.7 Color options of hyperref/bookmark (HO)
)
(/afs/cs.wisc.edu/s/texlive-2011/amd64_rhel5/texmf-dist/tex/generic/ifxetex/ifx
etex.sty
Package: ifxetex 2010/09/12 v0.6 Provides ifxetex conditional
)
(/afs/cs.wisc.edu/s/texlive-2011/amd64_rhel5/texmf-dist/tex/latex/oberdiek/kvop
tions.sty
Package: kvoptions 2010/12/23 v3.10 Keyval support for LaTeX options (HO)
)
\@linkdim=\dimen106
\Hy@linkcounter=\count93
\Hy@pagecounter=\count94

(/afs/cs.wisc.edu/s/texlive-2011/amd64_rhel5/texmf-dist/tex/latex/hyperref/pd1e
nc.def
File: pd1enc.def 2011/08/19 v6.82h Hyperref: PDFDocEncoding definition (HO)
)
\Hy@SavedSpaceFactor=\count95

(/afs/cs.wisc.edu/s/texlive-2011/amd64_rhel5/texmf-dist/tex/latex/latexconfig/h
yperref.cfg
File: hyperref.cfg 2002/06/06 v1.2 hyperref configuration of TeXLive
)
Package hyperref Info: Hyper figures OFF on input line 4053.
Package hyperref Info: Link nesting OFF on input line 4058.
Package hyperref Info: Hyper index ON on input line 4061.
Package hyperref Info: Plain pages OFF on input line 4068.
Package hyperref Info: Backreferencing OFF on input line 4073.
Package hyperref Info: Implicit mode ON; LaTeX internals redefined.
Package hyperref Info: Bookmarks ON on input line 4291.
\c@Hy@tempcnt=\count96

(/afs/cs.wisc.edu/s/texlive-2011/amd64_rhel5/texmf/tex/latex/html/url.sty
Package: url 1999/03/02  ver 1.4  Verb mode for urls, email addresses, and file
 names
)
LaTeX Info: Redefining \url on input line 4644.
\Fld@menulength=\count97
\Field@Width=\dimen107
\Fld@charsize=\dimen108
Package hyperref Info: Hyper figures OFF on input line 5730.
Package hyperref Info: Link nesting OFF on input line 5735.
Package hyperref Info: Hyper index ON on input line 5738.
Package hyperref Info: backreferencing OFF on input line 5745.
Package hyperref Info: Link coloring OFF on input line 5750.
Package hyperref Info: Link coloring with OCG OFF on input line 5755.
Package hyperref Info: PDF/A mode OFF on input line 5760.
LaTeX Info: Redefining \ref on input line 5800.
LaTeX Info: Redefining \pageref on input line 5804.
\Hy@abspage=\count98
\c@Item=\count99
\c@Hfootnote=\count100
)

Package hyperref Message: Driver (autodetected): hpdftex.


(/afs/cs.wisc.edu/s/texlive-2011/amd64_rhel5/texmf-dist/tex/latex/hyperref/hpdf
tex.def
File: hpdftex.def 2011/08/19 v6.82h Hyperref driver for pdfTeX
\Fld@listcount=\count101
\c@bookmark@seq@number=\count102

(/afs/cs.wisc.edu/s/texlive-2011/amd64_rhel5/texmf-dist/tex/latex/oberdiek/reru
nfilecheck.sty
Package: rerunfilecheck 2011/04/15 v1.7 Rerun checks for auxiliary files (HO)
Package uniquecounter Info: New unique counter `rerunfilecheck' on input line 2
82.
)
\Hy@SectionHShift=\skip47
)
(/afs/cs.wisc.edu/s/texlive-2011/amd64_rhel5/texmf-dist/tex/latex/comment/comme
nt.sty
\CommentStream=\write3
 Excluding comment 'comment')
(/afs/cs.wisc.edu/s/texlive-2011/amd64_rhel5/texmf-dist/tex/latex/booktabs/book
tabs.sty
Package: booktabs 2005/04/14 v1.61803 publication quality tables
\heavyrulewidth=\dimen109
\lightrulewidth=\dimen110
\cmidrulewidth=\dimen111
\belowrulesep=\dimen112
\belowbottomsep=\dimen113
\aboverulesep=\dimen114
\abovetopsep=\dimen115
\cmidrulesep=\dimen116
\cmidrulekern=\dimen117
\defaultaddspace=\dimen118
\@cmidla=\count103
\@cmidlb=\count104
\@aboverulesep=\dimen119
\@belowrulesep=\dimen120
\@thisruleclass=\count105
\@lastruleclass=\count106
\@thisrulewidth=\dimen121
)
(/afs/cs.wisc.edu/s/texlive-2011/amd64_rhel5/texmf-dist/tex/latex/graphics/colo
r.sty
Package: color 2005/11/14 v1.0j Standard LaTeX Color (DPC)

(/afs/cs.wisc.edu/s/texlive-2011/amd64_rhel5/texmf-dist/tex/latex/latexconfig/c
olor.cfg
File: color.cfg 2007/01/18 v1.5 color configuration of teTeX/TeXLive
)
Package color Info: Driver file: pdftex.def on input line 130.
)
(/afs/cs.wisc.edu/s/texlive-2011/amd64_rhel5/texmf/tex/latex/pgf/basiclayer/pgf
.sty
(/afs/cs.wisc.edu/s/texlive-2011/amd64_rhel5/texmf/tex/latex/pgf/utilities/pgfr
cs.sty
(/afs/cs.wisc.edu/s/texlive-2011/amd64_rhel5/texmf/tex/generic/pgf/utilities/pg
futil-common.tex
\pgfutil@everybye=\toks16
)
(/afs/cs.wisc.edu/s/texlive-2011/amd64_rhel5/texmf/tex/generic/pgf/utilities/pg
futil-latex.def
\pgfutil@abb=\box30

(/afs/cs.wisc.edu/s/texlive-2011/amd64_rhel5/texmf-dist/tex/latex/ms/everyshi.s
ty
Package: everyshi 2001/05/15 v3.00 EveryShipout Package (MS)
))
(/afs/cs.wisc.edu/s/texlive-2011/amd64_rhel5/texmf/tex/generic/pgf/utilities/pg
frcs.code.tex
Package: pgfrcs 2010/10/25 v2.10 (rcs-revision 1.24)
))
Package: pgf 2008/01/15 v2.10 (rcs-revision 1.12)

(/afs/cs.wisc.edu/s/texlive-2011/amd64_rhel5/texmf/tex/latex/pgf/basiclayer/pgf
core.sty
(/afs/cs.wisc.edu/s/texlive-2011/amd64_rhel5/texmf/tex/latex/pgf/systemlayer/pg
fsys.sty
(/afs/cs.wisc.edu/s/texlive-2011/amd64_rhel5/texmf/tex/generic/pgf/systemlayer/
pgfsys.code.tex
Package: pgfsys 2010/06/30 v2.10 (rcs-revision 1.37)

(/afs/cs.wisc.edu/s/texlive-2011/amd64_rhel5/texmf/tex/generic/pgf/utilities/pg
fkeys.code.tex
\pgfkeys@pathtoks=\toks17
\pgfkeys@temptoks=\toks18

(/afs/cs.wisc.edu/s/texlive-2011/amd64_rhel5/texmf/tex/generic/pgf/utilities/pg
fkeysfiltered.code.tex
\pgfkeys@tmptoks=\toks19
))
\pgf@x=\dimen122
\pgf@y=\dimen123
\pgf@xa=\dimen124
\pgf@ya=\dimen125
\pgf@xb=\dimen126
\pgf@yb=\dimen127
\pgf@xc=\dimen128
\pgf@yc=\dimen129
\w@pgf@writea=\write4
\r@pgf@reada=\read1
\c@pgf@counta=\count107
\c@pgf@countb=\count108
\c@pgf@countc=\count109
\c@pgf@countd=\count110

(/afs/cs.wisc.edu/s/texlive-2011/amd64_rhel5/texmf/tex/generic/pgf/systemlayer/
pgf.cfg
File: pgf.cfg 2008/05/14  (rcs-revision 1.7)
)
Package pgfsys Info: Driver file for pgf: pgfsys-pdftex.def on input line 900.

(/afs/cs.wisc.edu/s/texlive-2011/amd64_rhel5/texmf/tex/generic/pgf/systemlayer/
pgfsys-pdftex.def
File: pgfsys-pdftex.def 2009/05/22  (rcs-revision 1.26)

(/afs/cs.wisc.edu/s/texlive-2011/amd64_rhel5/texmf/tex/generic/pgf/systemlayer/
pgfsys-common-pdf.def
File: pgfsys-common-pdf.def 2008/05/19  (rcs-revision 1.10)
)))
(/afs/cs.wisc.edu/s/texlive-2011/amd64_rhel5/texmf/tex/generic/pgf/systemlayer/
pgfsyssoftpath.code.tex
File: pgfsyssoftpath.code.tex 2008/07/18  (rcs-revision 1.7)
\pgfsyssoftpath@smallbuffer@items=\count111
\pgfsyssoftpath@bigbuffer@items=\count112
)
(/afs/cs.wisc.edu/s/texlive-2011/amd64_rhel5/texmf/tex/generic/pgf/systemlayer/
pgfsysprotocol.code.tex
File: pgfsysprotocol.code.tex 2006/10/16  (rcs-revision 1.4)
))
(/afs/cs.wisc.edu/s/texlive-2011/amd64_rhel5/texmf-dist/tex/latex/xcolor/xcolor
.sty
Package: xcolor 2007/01/21 v2.11 LaTeX color extensions (UK)

(/afs/cs.wisc.edu/s/texlive-2011/amd64_rhel5/texmf-dist/tex/latex/latexconfig/c
olor.cfg
File: color.cfg 2007/01/18 v1.5 color configuration of teTeX/TeXLive
)
Package xcolor Info: Driver file: pdftex.def on input line 225.
LaTeX Info: Redefining \color on input line 702.
Package xcolor Info: Model `cmy' substituted by `cmy0' on input line 1337.
Package xcolor Info: Model `hsb' substituted by `rgb' on input line 1341.
Package xcolor Info: Model `RGB' extended on input line 1353.
Package xcolor Info: Model `HTML' substituted by `rgb' on input line 1355.
Package xcolor Info: Model `Hsb' substituted by `hsb' on input line 1356.
Package xcolor Info: Model `tHsb' substituted by `hsb' on input line 1357.
Package xcolor Info: Model `HSB' substituted by `hsb' on input line 1358.
Package xcolor Info: Model `Gray' substituted by `gray' on input line 1359.
Package xcolor Info: Model `wave' substituted by `hsb' on input line 1360.
)
(/afs/cs.wisc.edu/s/texlive-2011/amd64_rhel5/texmf/tex/generic/pgf/basiclayer/p
gfcore.code.tex
Package: pgfcore 2010/04/11 v2.10 (rcs-revision 1.7)

(/afs/cs.wisc.edu/s/texlive-2011/amd64_rhel5/texmf/tex/generic/pgf/math/pgfmath
.code.tex
(/afs/cs.wisc.edu/s/texlive-2011/amd64_rhel5/texmf/tex/generic/pgf/math/pgfmath
calc.code.tex
(/afs/cs.wisc.edu/s/texlive-2011/amd64_rhel5/texmf/tex/generic/pgf/math/pgfmath
util.code.tex)
(/afs/cs.wisc.edu/s/texlive-2011/amd64_rhel5/texmf/tex/generic/pgf/math/pgfmath
parser.code.tex
\pgfmath@dimen=\dimen130
\pgfmath@count=\count113
\pgfmath@box=\box31
\pgfmath@toks=\toks20
\pgfmath@stack@operand=\toks21
\pgfmath@stack@operation=\toks22
)
(/afs/cs.wisc.edu/s/texlive-2011/amd64_rhel5/texmf/tex/generic/pgf/math/pgfmath
functions.code.tex
(/afs/cs.wisc.edu/s/texlive-2011/amd64_rhel5/texmf/tex/generic/pgf/math/pgfmath
functions.basic.code.tex)
(/afs/cs.wisc.edu/s/texlive-2011/amd64_rhel5/texmf/tex/generic/pgf/math/pgfmath
functions.trigonometric.code.tex)
(/afs/cs.wisc.edu/s/texlive-2011/amd64_rhel5/texmf/tex/generic/pgf/math/pgfmath
functions.random.code.tex)
(/afs/cs.wisc.edu/s/texlive-2011/amd64_rhel5/texmf/tex/generic/pgf/math/pgfmath
functions.comparison.code.tex)
(/afs/cs.wisc.edu/s/texlive-2011/amd64_rhel5/texmf/tex/generic/pgf/math/pgfmath
functions.base.code.tex)
(/afs/cs.wisc.edu/s/texlive-2011/amd64_rhel5/texmf/tex/generic/pgf/math/pgfmath
functions.round.code.tex)
(/afs/cs.wisc.edu/s/texlive-2011/amd64_rhel5/texmf/tex/generic/pgf/math/pgfmath
functions.misc.code.tex)))
(/afs/cs.wisc.edu/s/texlive-2011/amd64_rhel5/texmf/tex/generic/pgf/math/pgfmath
float.code.tex
\c@pgfmathroundto@lastzeros=\count114
))
(/afs/cs.wisc.edu/s/texlive-2011/amd64_rhel5/texmf/tex/generic/pgf/basiclayer/p
gfcorepoints.code.tex
File: pgfcorepoints.code.tex 2010/04/09  (rcs-revision 1.20)
\pgf@picminx=\dimen131
\pgf@picmaxx=\dimen132
\pgf@picminy=\dimen133
\pgf@picmaxy=\dimen134
\pgf@pathminx=\dimen135
\pgf@pathmaxx=\dimen136
\pgf@pathminy=\dimen137
\pgf@pathmaxy=\dimen138
\pgf@xx=\dimen139
\pgf@xy=\dimen140
\pgf@yx=\dimen141
\pgf@yy=\dimen142
\pgf@zx=\dimen143
\pgf@zy=\dimen144
)
(/afs/cs.wisc.edu/s/texlive-2011/amd64_rhel5/texmf/tex/generic/pgf/basiclayer/p
gfcorepathconstruct.code.tex
File: pgfcorepathconstruct.code.tex 2010/08/03  (rcs-revision 1.24)
\pgf@path@lastx=\dimen145
\pgf@path@lasty=\dimen146
)
(/afs/cs.wisc.edu/s/texlive-2011/amd64_rhel5/texmf/tex/generic/pgf/basiclayer/p
gfcorepathusage.code.tex
File: pgfcorepathusage.code.tex 2008/04/22  (rcs-revision 1.12)
\pgf@shorten@end@additional=\dimen147
\pgf@shorten@start@additional=\dimen148
)
(/afs/cs.wisc.edu/s/texlive-2011/amd64_rhel5/texmf/tex/generic/pgf/basiclayer/p
gfcorescopes.code.tex
File: pgfcorescopes.code.tex 2010/09/08  (rcs-revision 1.34)
\pgfpic=\box32
\pgf@hbox=\box33
\pgf@layerbox@main=\box34
\pgf@picture@serial@count=\count115
)
(/afs/cs.wisc.edu/s/texlive-2011/amd64_rhel5/texmf/tex/generic/pgf/basiclayer/p
gfcoregraphicstate.code.tex
File: pgfcoregraphicstate.code.tex 2008/04/22  (rcs-revision 1.9)
\pgflinewidth=\dimen149
)
(/afs/cs.wisc.edu/s/texlive-2011/amd64_rhel5/texmf/tex/generic/pgf/basiclayer/p
gfcoretransformations.code.tex
File: pgfcoretransformations.code.tex 2009/06/10  (rcs-revision 1.11)
\pgf@pt@x=\dimen150
\pgf@pt@y=\dimen151
\pgf@pt@temp=\dimen152
)
(/afs/cs.wisc.edu/s/texlive-2011/amd64_rhel5/texmf/tex/generic/pgf/basiclayer/p
gfcorequick.code.tex
File: pgfcorequick.code.tex 2008/10/09  (rcs-revision 1.3)
)
(/afs/cs.wisc.edu/s/texlive-2011/amd64_rhel5/texmf/tex/generic/pgf/basiclayer/p
gfcoreobjects.code.tex
File: pgfcoreobjects.code.tex 2006/10/11  (rcs-revision 1.2)
)
(/afs/cs.wisc.edu/s/texlive-2011/amd64_rhel5/texmf/tex/generic/pgf/basiclayer/p
gfcorepathprocessing.code.tex
File: pgfcorepathprocessing.code.tex 2008/10/09  (rcs-revision 1.8)
)
(/afs/cs.wisc.edu/s/texlive-2011/amd64_rhel5/texmf/tex/generic/pgf/basiclayer/p
gfcorearrows.code.tex
File: pgfcorearrows.code.tex 2008/04/23  (rcs-revision 1.11)
)
(/afs/cs.wisc.edu/s/texlive-2011/amd64_rhel5/texmf/tex/generic/pgf/basiclayer/p
gfcoreshade.code.tex
File: pgfcoreshade.code.tex 2008/11/23  (rcs-revision 1.13)
\pgf@max=\dimen153
\pgf@sys@shading@range@num=\count116
)
(/afs/cs.wisc.edu/s/texlive-2011/amd64_rhel5/texmf/tex/generic/pgf/basiclayer/p
gfcoreimage.code.tex
File: pgfcoreimage.code.tex 2010/03/25  (rcs-revision 1.16)

(/afs/cs.wisc.edu/s/texlive-2011/amd64_rhel5/texmf/tex/generic/pgf/basiclayer/p
gfcoreexternal.code.tex
File: pgfcoreexternal.code.tex 2010/09/01  (rcs-revision 1.17)
\pgfexternal@startupbox=\box35
))
(/afs/cs.wisc.edu/s/texlive-2011/amd64_rhel5/texmf/tex/generic/pgf/basiclayer/p
gfcorelayers.code.tex
File: pgfcorelayers.code.tex 2010/08/27  (rcs-revision 1.2)
)
(/afs/cs.wisc.edu/s/texlive-2011/amd64_rhel5/texmf/tex/generic/pgf/basiclayer/p
gfcoretransparency.code.tex
File: pgfcoretransparency.code.tex 2008/01/17  (rcs-revision 1.2)
)
(/afs/cs.wisc.edu/s/texlive-2011/amd64_rhel5/texmf/tex/generic/pgf/basiclayer/p
gfcorepatterns.code.tex
File: pgfcorepatterns.code.tex 2009/07/02  (rcs-revision 1.3)
)))
(/afs/cs.wisc.edu/s/texlive-2011/amd64_rhel5/texmf/tex/generic/pgf/modules/pgfm
oduleshapes.code.tex
File: pgfmoduleshapes.code.tex 2010/09/09  (rcs-revision 1.13)
\pgfnodeparttextbox=\box36
)
(/afs/cs.wisc.edu/s/texlive-2011/amd64_rhel5/texmf/tex/generic/pgf/modules/pgfm
oduleplot.code.tex
File: pgfmoduleplot.code.tex 2010/10/22  (rcs-revision 1.8)
)
(/afs/cs.wisc.edu/s/texlive-2011/amd64_rhel5/texmf/tex/latex/pgf/compatibility/
pgfcomp-version-0-65.sty
Package: pgfcomp-version-0-65 2007/07/03 v2.10 (rcs-revision 1.7)
\pgf@nodesepstart=\dimen154
\pgf@nodesepend=\dimen155
)
(/afs/cs.wisc.edu/s/texlive-2011/amd64_rhel5/texmf/tex/latex/pgf/compatibility/
pgfcomp-version-1-18.sty
Package: pgfcomp-version-1-18 2007/07/23 v2.10 (rcs-revision 1.1)
))
(/afs/cs.wisc.edu/s/texlive-2011/amd64_rhel5/texmf/tex/latex/pgf/frontendlayer/
tikz.sty
(/afs/cs.wisc.edu/s/texlive-2011/amd64_rhel5/texmf/tex/latex/pgf/utilities/pgff
or.sty
(/afs/cs.wisc.edu/s/texlive-2011/amd64_rhel5/texmf/tex/latex/pgf/utilities/pgfk
eys.sty
(/afs/cs.wisc.edu/s/texlive-2011/amd64_rhel5/texmf/tex/generic/pgf/utilities/pg
fkeys.code.tex))
(/afs/cs.wisc.edu/s/texlive-2011/amd64_rhel5/texmf/tex/generic/pgf/utilities/pg
ffor.code.tex
Package: pgffor 2010/03/23 v2.10 (rcs-revision 1.18)
\pgffor@iter=\dimen156
\pgffor@skip=\dimen157
\pgffor@stack=\toks23
\pgffor@toks=\toks24
))
(/afs/cs.wisc.edu/s/texlive-2011/amd64_rhel5/texmf/tex/generic/pgf/frontendlaye
r/tikz/tikz.code.tex
Package: tikz 2010/10/13 v2.10 (rcs-revision 1.76)

(/afs/cs.wisc.edu/s/texlive-2011/amd64_rhel5/texmf/tex/generic/pgf/libraries/pg
flibraryplothandlers.code.tex
File: pgflibraryplothandlers.code.tex 2010/05/31 v2.10 (rcs-revision 1.15)
\pgf@plot@mark@count=\count117
\pgfplotmarksize=\dimen158
)
\tikz@lastx=\dimen159
\tikz@lasty=\dimen160
\tikz@lastxsaved=\dimen161
\tikz@lastysaved=\dimen162
\tikzleveldistance=\dimen163
\tikzsiblingdistance=\dimen164
\tikz@figbox=\box37
\tikz@tempbox=\box38
\tikztreelevel=\count118
\tikznumberofchildren=\count119
\tikznumberofcurrentchild=\count120
\tikz@fig@count=\count121

(/afs/cs.wisc.edu/s/texlive-2011/amd64_rhel5/texmf/tex/generic/pgf/modules/pgfm
odulematrix.code.tex
File: pgfmodulematrix.code.tex 2010/08/24  (rcs-revision 1.4)
\pgfmatrixcurrentrow=\count122
\pgfmatrixcurrentcolumn=\count123
\pgf@matrix@numberofcolumns=\count124
)
\tikz@expandcount=\count125

(/afs/cs.wisc.edu/s/texlive-2011/amd64_rhel5/texmf/tex/generic/pgf/frontendlaye
r/tikz/libraries/tikzlibrarytopaths.code.tex
File: tikzlibrarytopaths.code.tex 2008/06/17 v2.10 (rcs-revision 1.2)
)))
(/afs/cs.wisc.edu/s/texlive-2011/amd64_rhel5/texmf/tex/generic/pgf/frontendlaye
r/tikz/libraries/tikzlibraryarrows.code.tex
File: tikzlibraryarrows.code.tex 2008/01/09 v2.10 (rcs-revision 1.1)

(/afs/cs.wisc.edu/s/texlive-2011/amd64_rhel5/texmf/tex/generic/pgf/libraries/pg
flibraryarrows.code.tex
File: pgflibraryarrows.code.tex 2008/10/27 v2.10 (rcs-revision 1.9)
\arrowsize=\dimen165
))
(/afs/cs.wisc.edu/s/texlive-2011/amd64_rhel5/texmf/tex/generic/pgf/frontendlaye
r/tikz/libraries/tikzlibrarypositioning.code.tex
File: tikzlibrarypositioning.code.tex 2008/10/06 v2.10 (rcs-revision 1.7)
)
(/afs/cs.wisc.edu/s/texlive-2011/amd64_rhel5/texmf/tex/generic/pgf/frontendlaye
r/tikz/libraries/tikzlibraryfit.code.tex
File: tikzlibraryfit.code.tex 2008/06/21 v2.10 (rcs-revision 1.3)
)
(/afs/cs.wisc.edu/s/texlive-2011/amd64_rhel5/texmf/tex/generic/pgf/frontendlaye
r/tikz/libraries/tikzlibraryshapes.code.tex
File: tikzlibraryshapes.code.tex 2008/01/09 v2.10 (rcs-revision 1.1)

(/afs/cs.wisc.edu/s/texlive-2011/amd64_rhel5/texmf/tex/generic/pgf/frontendlaye
r/tikz/libraries/tikzlibraryshapes.geometric.code.tex
File: tikzlibraryshapes.geometric.code.tex 2008/01/09 v2.10 (rcs-revision 1.1)

(/afs/cs.wisc.edu/s/texlive-2011/amd64_rhel5/texmf/tex/generic/pgf/libraries/sh
apes/pgflibraryshapes.geometric.code.tex
File: pgflibraryshapes.geometric.code.tex 2008/06/26 v2.10 (rcs-revision 1.1)
))
(/afs/cs.wisc.edu/s/texlive-2011/amd64_rhel5/texmf/tex/generic/pgf/frontendlaye
r/tikz/libraries/tikzlibraryshapes.misc.code.tex
File: tikzlibraryshapes.misc.code.tex 2008/01/09 v2.10 (rcs-revision 1.1)

(/afs/cs.wisc.edu/s/texlive-2011/amd64_rhel5/texmf/tex/generic/pgf/libraries/sh
apes/pgflibraryshapes.misc.code.tex
File: pgflibraryshapes.misc.code.tex 2008/10/07 v2.10 (rcs-revision 1.3)
))
(/afs/cs.wisc.edu/s/texlive-2011/amd64_rhel5/texmf/tex/generic/pgf/frontendlaye
r/tikz/libraries/tikzlibraryshapes.symbols.code.tex
File: tikzlibraryshapes.symbols.code.tex 2008/01/09 v2.10 (rcs-revision 1.1)

(/afs/cs.wisc.edu/s/texlive-2011/amd64_rhel5/texmf/tex/generic/pgf/libraries/sh
apes/pgflibraryshapes.symbols.code.tex
File: pgflibraryshapes.symbols.code.tex 2009/10/27 v2.10 (rcs-revision 1.3)
))
(/afs/cs.wisc.edu/s/texlive-2011/amd64_rhel5/texmf/tex/generic/pgf/frontendlaye
r/tikz/libraries/tikzlibraryshapes.arrows.code.tex
File: tikzlibraryshapes.arrows.code.tex 2008/01/09 v2.10 (rcs-revision 1.1)

(/afs/cs.wisc.edu/s/texlive-2011/amd64_rhel5/texmf/tex/generic/pgf/libraries/sh
apes/pgflibraryshapes.arrows.code.tex
File: pgflibraryshapes.arrows.code.tex 2008/06/26 v2.10 (rcs-revision 1.1)
))
(/afs/cs.wisc.edu/s/texlive-2011/amd64_rhel5/texmf/tex/generic/pgf/frontendlaye
r/tikz/libraries/tikzlibraryshapes.callouts.code.tex
(/afs/cs.wisc.edu/s/texlive-2011/amd64_rhel5/texmf/tex/generic/pgf/libraries/sh
apes/pgflibraryshapes.callouts.code.tex))
(/afs/cs.wisc.edu/s/texlive-2011/amd64_rhel5/texmf/tex/generic/pgf/frontendlaye
r/tikz/libraries/tikzlibraryshapes.multipart.code.tex
File: tikzlibraryshapes.multipart.code.tex 2008/01/09 v2.10 (rcs-revision 1.1)

(/afs/cs.wisc.edu/s/texlive-2011/amd64_rhel5/texmf/tex/generic/pgf/libraries/sh
apes/pgflibraryshapes.multipart.code.tex
File: pgflibraryshapes.multipart.code.tex 2010/01/07 v2.10 (rcs-revision 1.2)
\pgfnodepartlowerbox=\box39
\pgfnodeparttwobox=\box40
\pgfnodepartthreebox=\box41
\pgfnodepartfourbox=\box42
\pgfnodeparttwentybox=\box43
\pgfnodepartnineteenbox=\box44
\pgfnodeparteighteenbox=\box45
\pgfnodepartseventeenbox=\box46
\pgfnodepartsixteenbox=\box47
\pgfnodepartfifteenbox=\box48
\pgfnodepartfourteenbox=\box49
\pgfnodepartthirteenbox=\box50
\pgfnodeparttwelvebox=\box51
\pgfnodepartelevenbox=\box52
\pgfnodeparttenbox=\box53
\pgfnodepartninebox=\box54
\pgfnodeparteightbox=\box55
\pgfnodepartsevenbox=\box56
\pgfnodepartsixbox=\box57
\pgfnodepartfivebox=\box58
)))
(/afs/cs.wisc.edu/s/texlive-2011/amd64_rhel5/texmf/tex/generic/pgf/frontendlaye
r/tikz/libraries/tikzlibrarydecorations.code.tex
(/afs/cs.wisc.edu/s/texlive-2011/amd64_rhel5/texmf/tex/generic/pgf/modules/pgfm
oduledecorations.code.tex
\pgfdecoratedcompleteddistance=\dimen166
\pgfdecoratedremainingdistance=\dimen167
\pgfdecoratedinputsegmentcompleteddistance=\dimen168
\pgfdecoratedinputsegmentremainingdistance=\dimen169
\pgf@decorate@distancetomove=\dimen170
\pgf@decorate@repeatstate=\count126
\pgfdecorationsegmentamplitude=\dimen171
\pgfdecorationsegmentlength=\dimen172
)
\tikz@lib@dec@box=\box59
)
(/afs/cs.wisc.edu/s/texlive-2011/amd64_rhel5/texmf/tex/generic/pgf/frontendlaye
r/tikz/libraries/tikzlibrarydecorations.pathmorphing.code.tex
(/afs/cs.wisc.edu/s/texlive-2011/amd64_rhel5/texmf/tex/generic/pgf/libraries/de
corations/pgflibrarydecorations.pathmorphing.code.tex))
(/afs/cs.wisc.edu/s/texlive-2011/amd64_rhel5/texmf/tex/generic/pgf/frontendlaye
r/tikz/libraries/tikzlibrarydecorations.pathreplacing.code.tex
(/afs/cs.wisc.edu/s/texlive-2011/amd64_rhel5/texmf/tex/generic/pgf/libraries/de
corations/pgflibrarydecorations.pathreplacing.code.tex))
(/afs/cs.wisc.edu/s/texlive-2011/amd64_rhel5/texmf/tex/generic/pgf/frontendlaye
r/tikz/libraries/tikzlibrarycalc.code.tex
File: tikzlibrarycalc.code.tex 2009/09/04 v2.10 (rcs-revision 1.6)
)
(/afs/cs.wisc.edu/s/texlive-2011/amd64_rhel5/texmf/tex/generic/pgf/frontendlaye
r/tikz/libraries/tikzlibrarypatterns.code.tex
File: tikzlibrarypatterns.code.tex 2008/01/15 v2.10 (rcs-revision 1.2)

(/afs/cs.wisc.edu/s/texlive-2011/amd64_rhel5/texmf/tex/generic/pgf/libraries/pg
flibrarypatterns.code.tex
File: pgflibrarypatterns.code.tex 2008/03/03 v2.10 (rcs-revision 1.13)
))
(/afs/cs.wisc.edu/s/texlive-2011/amd64_rhel5/texmf/tex/generic/pgf/frontendlaye
r/tikz/libraries/tikzlibraryscopes.code.tex
File: tikzlibraryscopes.code.tex 2008/06/27 v2.10 (rcs-revision 1.2)
)
(/afs/cs.wisc.edu/s/texlive-2011/amd64_rhel5/texmf/tex/generic/pgf/frontendlaye
r/tikz/libraries/tikzlibrarymatrix.code.tex
File: tikzlibrarymatrix.code.tex 2008/06/18 v2.10 (rcs-revision 1.2)
)
(/afs/cs.wisc.edu/s/texlive-2011/amd64_rhel5/texmf-dist/tex/latex/psnfss/helvet
.sty
Package: helvet 2005/04/12 PSNFSS-v9.2a (WaS) 
)
(/afs/cs.wisc.edu/s/texlive-2011/amd64_rhel5/texmf-dist/tex/latex/enumitem/enum
item.sty
Package: enumitem 2011/09/05 v3.5.1 Customized lists
\labelindent=\skip48
\enit@outerparindent=\dimen173
\enit@toks=\toks25
\enit@inbox=\box60
\enitdp@description=\count127
)
(/afs/cs.wisc.edu/s/texlive-2011/amd64_rhel5/texmf-dist/tex/latex/geometry/geom
etry.sty
Package: geometry 2010/09/12 v5.6 Page Geometry
\Gm@cnth=\count128
\Gm@cntv=\count129
\c@Gm@tempcnt=\count130
\Gm@bindingoffset=\dimen174
\Gm@wd@mp=\dimen175
\Gm@odd@mp=\dimen176
\Gm@even@mp=\dimen177
\Gm@layoutwidth=\dimen178
\Gm@layoutheight=\dimen179
\Gm@layouthoffset=\dimen180
\Gm@layoutvoffset=\dimen181
\Gm@dimlist=\toks26
)
(/afs/cs.wisc.edu/s/texlive-2011/amd64_rhel5/texmf-dist/tex/latex/listings/list
ings.sty
\lst@mode=\count131
\lst@gtempboxa=\box61
\lst@token=\toks27
\lst@length=\count132
\lst@currlwidth=\dimen182
\lst@column=\count133
\lst@pos=\count134
\lst@lostspace=\dimen183
\lst@width=\dimen184
\lst@newlines=\count135
\lst@lineno=\count136
\lst@maxwidth=\dimen185

(/afs/cs.wisc.edu/s/texlive-2011/amd64_rhel5/texmf-dist/tex/latex/listings/lstm
isc.sty
File: lstmisc.sty 2007/02/22 1.4 (Carsten Heinz)
\c@lstnumber=\count137
\lst@skipnumbers=\count138
\lst@framebox=\box62
)
(/afs/cs.wisc.edu/s/texlive-2011/amd64_rhel5/texmf-dist/tex/latex/listings/list
ings.cfg
File: listings.cfg 2007/02/22 1.4 listings configuration
))
Package: listings 2007/02/22 1.4 (Carsten Heinz)

(/afs/cs.wisc.edu/s/texlive-2011/amd64_rhel5/texmf-dist/tex/latex/tools/verbati
m.sty
Package: verbatim 2003/08/22 v1.5q LaTeX2e package for verbatim enhancements
\every@verbatim=\toks28
\verbatim@line=\toks29
\verbatim@in@stream=\read2
)
(/afs/cs.wisc.edu/s/texlive-2011/amd64_rhel5/texmf-dist/tex/latex/base/fontenc.
sty
Package: fontenc 2005/09/27 v1.99g Standard LaTeX package

(/afs/cs.wisc.edu/s/texlive-2011/amd64_rhel5/texmf-dist/tex/latex/base/t1enc.de
f
File: t1enc.def 2005/09/27 v1.99g Standard LaTeX file
LaTeX Font Info:    Redeclaring font encoding T1 on input line 43.
)) (./spi.aux)
\openout1 = `spi.aux'.

LaTeX Font Info:    Checking defaults for OML/cmm/m/it on input line 33.
LaTeX Font Info:    ... okay on input line 33.
LaTeX Font Info:    Checking defaults for T1/cmr/m/n on input line 33.
LaTeX Font Info:    ... okay on input line 33.
LaTeX Font Info:    Checking defaults for OT1/cmr/m/n on input line 33.
LaTeX Font Info:    ... okay on input line 33.
LaTeX Font Info:    Checking defaults for OMS/cmsy/m/n on input line 33.
LaTeX Font Info:    ... okay on input line 33.
LaTeX Font Info:    Checking defaults for OMX/cmex/m/n on input line 33.
LaTeX Font Info:    ... okay on input line 33.
LaTeX Font Info:    Checking defaults for U/cmr/m/n on input line 33.
LaTeX Font Info:    ... okay on input line 33.
LaTeX Font Info:    Checking defaults for PD1/pdf/m/n on input line 33.
LaTeX Font Info:    ... okay on input line 33.

(/afs/cs.wisc.edu/s/texlive-2011/amd64_rhel5/texmf-dist/tex/context/base/supp-p
df.mkii
[Loading MPS to PDF converter (version 2006.09.02).]
\scratchcounter=\count139
\scratchdimen=\dimen186
\scratchbox=\box63
\nofMPsegments=\count140
\nofMParguments=\count141
\everyMPshowfont=\toks30
\MPscratchCnt=\count142
\MPscratchDim=\dimen187
\MPnumerator=\count143
\makeMPintoPDFobject=\count144
\everyMPtoPDFconversion=\toks31
)
(/afs/cs.wisc.edu/s/texlive-2011/amd64_rhel5/texmf-dist/tex/latex/oberdiek/epst
opdf-base.sty
Package: epstopdf-base 2010/02/09 v2.5 Base part for package epstopdf

(/afs/cs.wisc.edu/s/texlive-2011/amd64_rhel5/texmf-dist/tex/latex/oberdiek/grfe
xt.sty
Package: grfext 2010/08/19 v1.1 Managing graphics extensions (HO)
)
Package grfext Info: Graphics extension search list:
(grfext)             [.png,.pdf,.jpg,.mps,.jpeg,.jbig2,.jb2,.PNG,.PDF,.JPG,.JPE
G,.JBIG2,.JB2,.eps]
(grfext)             \AppendGraphicsExtensions on input line 452.

(/afs/cs.wisc.edu/s/texlive-2011/amd64_rhel5/texmf-dist/tex/latex/latexconfig/e
pstopdf-sys.cfg
File: epstopdf-sys.cfg 2010/07/13 v1.3 Configuration of (r)epstopdf for TeX Liv
e
))
\AtBeginShipoutBox=\box64
Package hyperref Info: Link coloring OFF on input line 33.

(/afs/cs.wisc.edu/s/texlive-2011/amd64_rhel5/texmf-dist/tex/latex/hyperref/name
ref.sty
Package: nameref 2010/04/30 v2.40 Cross-referencing by name of section

(/afs/cs.wisc.edu/s/texlive-2011/amd64_rhel5/texmf-dist/tex/generic/oberdiek/ge
ttitlestring.sty
Package: gettitlestring 2010/12/03 v1.4 Cleanup title references (HO)
)
\c@section@level=\count145
)
LaTeX Info: Redefining \ref on input line 33.
LaTeX Info: Redefining \pageref on input line 33.
LaTeX Info: Redefining \nameref on input line 33.
 (./spi.out) (./spi.out)
\@outlinefile=\write5
\openout5 = `spi.out'.


ABD: EveryShipout initializing macros
*geometry* driver: auto-detecting
*geometry* detected driver: pdftex
*geometry* verbose mode - [ preamble ] result:
* driver: pdftex
* paper: letterpaper
* layout: <same size as paper>
* layoutoffset:(h,v)=(0.0pt,0.0pt)
* modes: 
* h-part:(L,W,R)=(92.14519pt, 430.00462pt, 92.14519pt)
* v-part:(T,H,B)=(95.39737pt, 556.47656pt, 143.09605pt)
* \paperwidth=614.295pt
* \paperheight=794.96999pt
* \textwidth=430.00462pt
* \textheight=556.47656pt
* \oddsidemargin=19.8752pt
* \evensidemargin=19.8752pt
* \topmargin=-13.87262pt
* \headheight=12.0pt
* \headsep=25.0pt
* \topskip=11.0pt
* \footskip=30.0pt
* \marginparwidth=59.0pt
* \marginparsep=10.0pt
* \columnsep=10.0pt
* \skip\footins=10.0pt plus 4.0pt minus 2.0pt
* \hoffset=0.0pt
* \voffset=0.0pt
* \mag=1000
* \@twocolumnfalse
* \@twosidefalse
* \@mparswitchfalse
* \@reversemarginfalse
* (1in=72.27pt=25.4mm, 1cm=28.453pt)

\c@lstlisting=\count146
LaTeX Font Info:    Try loading font information for T1+phv on input line 45.

(/afs/cs.wisc.edu/s/texlive-2011/amd64_rhel5/texmf-dist/tex/latex/psnfss/t1phv.
fd
File: t1phv.fd 2001/06/04 scalable font definitions for T1/phv.
)
LaTeX Font Info:    External font `cmex10' loaded for size
(Font)              <10.95> on input line 137.
LaTeX Font Info:    External font `cmex10' loaded for size
(Font)              <8> on input line 137.
LaTeX Font Info:    External font `cmex10' loaded for size
(Font)              <6> on input line 137.
LaTeX Font Info:    Try loading font information for T1+cmtt on input line 138.


(/afs/cs.wisc.edu/s/texlive-2011/amd64_rhel5/texmf-dist/tex/latex/base/t1cmtt.f
d
File: t1cmtt.fd 1999/05/25 v2.5h Standard LaTeX font definitions
) <paradyn_logo.pdf, id=216, 320.19624pt x 230.8625pt>
File: paradyn_logo.pdf Graphic file (type pdf)
 <use paradyn_logo.pdf>
Package pdftex.def Info: paradyn_logo.pdf used on input line 148.
(pdftex.def)             Requested size: 234.87749pt x 169.349pt.

[1

{/afs/cs.wisc.edu/s/texlive-2011/amd64_rhel5/texmf-var/fonts/map/pdftex/updmap/
pdftex.map} <./paradyn_logo.pdf>] (./spi.tocpdfTeX warning (ext4): destination 
with the same identifier (name{page.1}) has been already used, duplicate ignore
d
<to be read again> 
                   \relax 
l.26 ...{5.1}Public Interface}{12}{subsection.5.1}
                                                   [1] [2])
\tf@toc=\write6
\openout6 = `spi.toc'.

 [3]
(./section/1_intro.tex

LaTeX Warning: Citation `Mirgorodskiy2006' on page 4 undefined on input line 35
.


LaTeX Warning: Citation `Fang2012' on page 4 undefined on input line 36.

) (./section/2_abstraction.tex
LaTeX Font Info:    Try loading font information for OMS+cmr on input line 12.

(/afs/cs.wisc.edu/s/texlive-2011/amd64_rhel5/texmf-dist/tex/latex/base/omscmr.f
d
File: omscmr.fd 1999/05/25 v2.5h Standard LaTeX font definitions
)
LaTeX Font Info:    Font shape `OMS/cmr/m/n' in size <10.95> not available
(Font)              Font shape `OMS/cmsy/m/n' tried instead on input line 12.
 [4

] [5]) (./section/3_how_it_works.tex [6]
Package epstopdf Info: Source file: <figure/intraprocess.eps>
(epstopdf)                    date: 2012-11-06 15:12:01
(epstopdf)                    size: 2690995 bytes
(epstopdf)             Output file: <figure/intraprocess-eps-converted-to.pdf>
(epstopdf)                    date: 2012-11-06 15:12:30
(epstopdf)                    size: 674117 bytes
(epstopdf)             Command: <repstopdf --outfile=figure/intraprocess-eps-co
nverted-to.pdf figure/intraprocess.eps>
(epstopdf)             \includegraphics on input line 71.
Package epstopdf Info: Output file is already uptodate.

<figure/intraprocess-eps-converted-to.pdf, id=313, 723.70375pt x 522.95375pt>
File: figure/intraprocess-eps-converted-to.pdf Graphic file (type pdf)

<use figure/intraprocess-eps-converted-to.pdf>
Package pdftex.def Info: figure/intraprocess-eps-converted-to.pdf used on input
 line 71.
(pdftex.def)             Requested size: 387.00153pt x 279.65381pt.
Package epstopdf Info: Source file: <figure/interprocess.eps>
(epstopdf)                    date: 2012-11-06 15:11:45
(epstopdf)                    size: 3856340 bytes
(epstopdf)             Output file: <figure/interprocess-eps-converted-to.pdf>
(epstopdf)                    date: 2012-11-06 15:12:36
(epstopdf)                    size: 896808 bytes
(epstopdf)             Command: <repstopdf --outfile=figure/interprocess-eps-co
nverted-to.pdf figure/interprocess.eps>
(epstopdf)             \includegraphics on input line 97.
Package epstopdf Info: Output file is already uptodate.

<figure/interprocess-eps-converted-to.pdf, id=315, 723.70375pt x 540.0175pt>
File: figure/interprocess-eps-converted-to.pdf Graphic file (type pdf)

<use figure/interprocess-eps-converted-to.pdf>
Package pdftex.def Info: figure/interprocess-eps-converted-to.pdf used on input
 line 97.
(pdftex.def)             Requested size: 387.00153pt x 288.77878pt.
 [7]) (./section/4_examples.tex
(/afs/cs.wisc.edu/s/texlive-2011/amd64_rhel5/texmf-dist/tex/latex/listings/lstl
ang1.sty
File: lstlang1.sty 2004/09/05 1.3 listings language file
)
(/afs/cs.wisc.edu/s/texlive-2011/amd64_rhel5/texmf-dist/tex/latex/listings/lstl
ang1.sty
File: lstlang1.sty 2004/09/05 1.3 listings language file
)
(/afs/cs.wisc.edu/s/texlive-2011/amd64_rhel5/texmf-dist/tex/latex/listings/lstl
ang1.sty
File: lstlang1.sty 2004/09/05 1.3 listings language file
)
(/afs/cs.wisc.edu/s/texlive-2011/amd64_rhel5/texmf-dist/tex/latex/listings/lstm
isc.sty
File: lstmisc.sty 2007/02/22 1.4 (Carsten Heinz)
) [8 <./figure/intraprocess-eps-converted-to.pdf>]
Package hyperref Info: bookmark level for unknown lstlisting defaults to 0 on i
nput line 11.
LaTeX Font Info:    Try loading font information for T1+fvm on input line 11.

(/afs/cs.wisc.edu/s/texlive-2011/amd64_rhel5/texmf-dist/tex/latex/bera/t1fvm.fd
File: t1fvm.fd 2004/09/07 scalable font definitions for T1/fvm.
)
LaTeX Font Info:    Font shape `T1/fvm/m/it' in size <10> not available
(Font)              Font shape `T1/fvm/m/sl' tried instead on input line 12.
LaTeX Font Info:    Font shape `T1/fvm/bx/n' in size <10> not available
(Font)              Font shape `T1/fvm/b/n' tried instead on input line 13.
LaTeX Font Info:    Try loading font information for OMS+fvm on input line 13.
LaTeX Font Info:    No file OMSfvm.fd. on input line 13.


LaTeX Font Warning: Font shape `OMS/fvm/m/n' undefined
(Font)              using `OMS/cmsy/m/n' instead
(Font)              for symbol `textasteriskcentered' on input line 13.

LaTeX Font Info:    External font `cmex10' loaded for size
(Font)              <7> on input line 19.
LaTeX Font Info:    External font `cmex10' loaded for size
(Font)              <5> on input line 19.
[9 <./figure/interprocess-eps-converted-to.pdf>] [10]) (./section/5_class.tex
[11] [12] [13] [14] [15] [16]) (./section/a_install.tex
LaTeX Font Info:    External font `cmex10' loaded for size
(Font)              <9> on input line 10.
 [17]
Overfull \hbox (24.62926pt too wide) in paragraph at lines 44--49
\T1/cmr/m/n/10.95 able is set. If you are us-ing bash shell, then open  /.bashr
c file and check if LD_LIBRARY_PATH
 []

) (./section/b_testing.tex) (./section/c_dir.tex [18])
No file spi.bbl.
Package atveryend Info: Empty hook `BeforeClearDocument' on input line 173.
[19]
Package atveryend Info: Empty hook `AfterLastShipout' on input line 173.
 (./spi.aux)
Package atveryend Info: Executing hook `AtVeryEndDocument' on input line 173.
Package atveryend Info: Executing hook `AtEndAfterFileList' on input line 173.
Package rerunfilecheck Info: File `spi.out' has not changed.
(rerunfilecheck)             Checksum: 1323EA68EF516EF0F63AA7137049812E;3480.


LaTeX Font Warning: Some font shapes were not available, defaults substituted.


LaTeX Warning: There were undefined references.

 ) 
Here is how much of TeX's memory you used:
 18886 strings out of 493629
 371523 string characters out of 3134964
 512601 words of memory out of 3000000
 21643 multiletter control sequences out of 15000+200000
 32125 words of font info for 56 fonts, out of 3000000 for 9000
 831 hyphenation exceptions out of 8191
 49i,14n,67p,414b,1800s stack positions out of 5000i,500n,10000p,200000b,50000s
{/afs/cs.wisc.edu/s/texlive-2011/amd64_rhel5/texmf-dist/fonts/enc/dvips/cm-su
per/cm-super-t1.enc}{/afs/cs.wisc.edu/s/texlive-2011/amd64_rhel5/texmf-dist/fon
ts/enc/dvips/base/8r.enc}</afs/cs.wisc.edu/s/texlive-2011/amd64_rhel5/texmf-dis
t/fonts/type1/public/amsfonts/cm/cmmi10.pfb></afs/cs.wisc.edu/s/texlive-2011/am
d64_rhel5/texmf-dist/fonts/type1/public/amsfonts/cm/cmr10.pfb></afs/cs.wisc.edu
/s/texlive-2011/amd64_rhel5/texmf-dist/fonts/type1/public/amsfonts/cm/cmsy10.pf
b></afs/cs.wisc.edu/s/texlive-2011/amd64_rhel5/texmf-dist/fonts/type1/public/be
ra/fvmb8a.pfb></afs/cs.wisc.edu/s/texlive-2011/amd64_rhel5/texmf-dist/fonts/typ
e1/public/bera/fvmr8a.pfb></afs/cs.wisc.edu/s/texlive-2011/amd64_rhel5/texmf-di
st/fonts/type1/public/bera/fvmro8a.pfb></afs/cs.wisc.edu/s/texlive-2011/amd64_r
hel5/texmf-dist/fonts/type1/public/cm-super/sfbx1095.pfb></afs/cs.wisc.edu/s/te
xlive-2011/amd64_rhel5/texmf-dist/fonts/type1/public/cm-super/sfbx1200.pfb></af
s/cs.wisc.edu/s/texlive-2011/amd64_rhel5/texmf-dist/fonts/type1/public/cm-super
/sfbx1440.pfb></afs/cs.wisc.edu/s/texlive-2011/amd64_rhel5/texmf-dist/fonts/typ
e1/public/cm-super/sfrm0600.pfb></afs/cs.wisc.edu/s/texlive-2011/amd64_rhel5/te
xmf-dist/fonts/type1/public/cm-super/sfrm0800.pfb></afs/cs.wisc.edu/s/texlive-2
011/amd64_rhel5/texmf-dist/fonts/type1/public/cm-super/sfrm1000.pfb></afs/cs.wi
sc.edu/s/texlive-2011/amd64_rhel5/texmf-dist/fonts/type1/public/cm-super/sfrm10
95.pfb></afs/cs.wisc.edu/s/texlive-2011/amd64_rhel5/texmf-dist/fonts/type1/publ
ic/cm-super/sfti1095.pfb></afs/cs.wisc.edu/s/texlive-2011/amd64_rhel5/texmf-dis
t/fonts/type1/public/cm-super/sftt0900.pfb></afs/cs.wisc.edu/s/texlive-2011/amd
64_rhel5/texmf-dist/fonts/type1/public/cm-super/sftt1000.pfb></afs/cs.wisc.edu/
s/texlive-2011/amd64_rhel5/texmf-dist/fonts/type1/public/cm-super/sftt1095.pfb>
</afs/cs.wisc.edu/s/texlive-2011/amd64_rhel5/texmf-dist/fonts/type1/urw/helveti
c/uhvr8a.pfb>
Output written on spi.pdf (20 pages, 1890647 bytes).
PDF statistics:
 525 PDF objects out of 1000 (max. 8388607)
 476 compressed objects within 5 object streams
 121 named destinations out of 1000 (max. 500000)
 444 words of extra memory for PDF output out of 10000 (max. 10000000)

